2018-02-26 16:23:28,859 - Log4JLogChute initialized using file 'velocity.log'
2018-02-26 16:23:28,860 - Initializing Velocity, Calling init()...
2018-02-26 16:23:28,860 - Starting Apache Velocity v1.7 (compiled: 2010-11-19 12:14:37)
2018-02-26 16:23:28,860 - Default Properties File: org\apache\velocity\runtime\defaults\velocity.properties
2018-02-26 16:23:28,860 - Trying to use logger class org.apache.velocity.runtime.log.AvalonLogChute
2018-02-26 16:23:28,860 - Target log system for org.apache.velocity.runtime.log.AvalonLogChute is not available (java.lang.NoClassDefFoundError: org/apache/log/format/Formatter).  Falling back to next log system...
2018-02-26 16:23:28,860 - Trying to use logger class org.apache.velocity.runtime.log.Log4JLogChute
2018-02-26 16:23:28,860 - Using logger class org.apache.velocity.runtime.log.Log4JLogChute
2018-02-26 16:23:28,864 - ResourceLoader instantiated: org.apache.velocity.runtime.resource.loader.FileResourceLoader
2018-02-26 16:23:28,864 - Do unicode file recognition:  false
2018-02-26 16:23:28,865 - FileResourceLoader : adding path '.'
2018-02-26 16:23:28,865 - ResourceCache: initialized (class org.apache.velocity.runtime.resource.ResourceCacheImpl) with class java.util.Collections$SynchronizedMap cache map.
2018-02-26 16:23:28,866 - Loaded System Directive: org.apache.velocity.runtime.directive.Stop
2018-02-26 16:23:28,866 - Loaded System Directive: org.apache.velocity.runtime.directive.Define
2018-02-26 16:23:28,866 - Loaded System Directive: org.apache.velocity.runtime.directive.Break
2018-02-26 16:23:28,866 - Loaded System Directive: org.apache.velocity.runtime.directive.Evaluate
2018-02-26 16:23:28,866 - Loaded System Directive: org.apache.velocity.runtime.directive.Literal
2018-02-26 16:23:28,866 - Loaded System Directive: org.apache.velocity.runtime.directive.Macro
2018-02-26 16:23:28,866 - Loaded System Directive: org.apache.velocity.runtime.directive.Parse
2018-02-26 16:23:28,866 - Loaded System Directive: org.apache.velocity.runtime.directive.Include
2018-02-26 16:23:28,866 - Loaded System Directive: org.apache.velocity.runtime.directive.Foreach
2018-02-26 16:23:28,867 - Created '20' parsers.
2018-02-26 16:23:28,867 - Velocimacro : "velocimacro.library" is not set.  Trying default library: VM_global_library.vm
2018-02-26 16:23:28,868 - Velocimacro : Default library not found.
2018-02-26 16:23:28,868 - Velocimacro : allowInline = true : VMs can be defined inline in templates
2018-02-26 16:23:28,868 - Velocimacro : allowInlineToOverride = false : VMs defined inline may NOT replace previous VM definitions
2018-02-26 16:23:28,868 - Velocimacro : allowInlineLocal = false : VMs defined inline will be global in scope if allowed.
2018-02-26 16:23:28,868 - Velocimacro : autoload off : VM system will not automatically reload global library macros
2018-02-26 16:34:38,145 - Log4JLogChute initialized using file 'velocity.log'
2018-02-26 16:34:38,150 - Initializing Velocity, Calling init()...
2018-02-26 16:34:38,150 - Starting Apache Velocity v1.7 (compiled: 2010-11-19 12:14:37)
2018-02-26 16:34:38,150 - Default Properties File: org\apache\velocity\runtime\defaults\velocity.properties
2018-02-26 16:34:38,150 - Trying to use logger class org.apache.velocity.runtime.log.AvalonLogChute
2018-02-26 16:34:38,150 - Target log system for org.apache.velocity.runtime.log.AvalonLogChute is not available (java.lang.NoClassDefFoundError: org/apache/log/format/Formatter).  Falling back to next log system...
2018-02-26 16:34:38,150 - Trying to use logger class org.apache.velocity.runtime.log.Log4JLogChute
2018-02-26 16:34:38,150 - Using logger class org.apache.velocity.runtime.log.Log4JLogChute
2018-02-26 16:34:38,154 - ResourceLoader instantiated: org.apache.velocity.runtime.resource.loader.FileResourceLoader
2018-02-26 16:34:38,154 - Do unicode file recognition:  false
2018-02-26 16:34:38,154 - FileResourceLoader : adding path '.'
2018-02-26 16:34:38,154 - ResourceCache: initialized (class org.apache.velocity.runtime.resource.ResourceCacheImpl) with class java.util.Collections$SynchronizedMap cache map.
2018-02-26 16:34:38,155 - Loaded System Directive: org.apache.velocity.runtime.directive.Stop
2018-02-26 16:34:38,155 - Loaded System Directive: org.apache.velocity.runtime.directive.Define
2018-02-26 16:34:38,155 - Loaded System Directive: org.apache.velocity.runtime.directive.Break
2018-02-26 16:34:38,155 - Loaded System Directive: org.apache.velocity.runtime.directive.Evaluate
2018-02-26 16:34:38,155 - Loaded System Directive: org.apache.velocity.runtime.directive.Literal
2018-02-26 16:34:38,155 - Loaded System Directive: org.apache.velocity.runtime.directive.Macro
2018-02-26 16:34:38,155 - Loaded System Directive: org.apache.velocity.runtime.directive.Parse
2018-02-26 16:34:38,155 - Loaded System Directive: org.apache.velocity.runtime.directive.Include
2018-02-26 16:34:38,155 - Loaded System Directive: org.apache.velocity.runtime.directive.Foreach
2018-02-26 16:34:38,156 - Created '20' parsers.
2018-02-26 16:34:38,156 - Velocimacro : "velocimacro.library" is not set.  Trying default library: VM_global_library.vm
2018-02-26 16:34:38,156 - Velocimacro : Default library not found.
2018-02-26 16:34:38,156 - Velocimacro : allowInline = true : VMs can be defined inline in templates
2018-02-26 16:34:38,156 - Velocimacro : allowInlineToOverride = false : VMs defined inline may NOT replace previous VM definitions
2018-02-26 16:34:38,157 - Velocimacro : allowInlineLocal = false : VMs defined inline will be global in scope if allowed.
2018-02-26 16:34:38,157 - Velocimacro : autoload off : VM system will not automatically reload global library macros
